<?xml version="1.0" encoding="UTF-8"?>
<testng-results skipped="0" failed="0" total="1" passed="1">
  <reporter-output>
  </reporter-output>
  <suite name="Suite" duration-ms="12714" started-at="2021-03-10T12:46:48Z" finished-at="2021-03-10T12:47:00Z">
    <groups>
    </groups>
    <test name="Test" duration-ms="12714" started-at="2021-03-10T12:46:48Z" finished-at="2021-03-10T12:47:00Z">
      <class name="com.HRM_Test.HRM_RecruitmentTest">
        <test-method status="PASS" signature="baseTest()[pri:0, instance:com.HRM_Test.HRM_RecruitmentTest@96532d6]" name="baseTest" is-config="true" duration-ms="5150" started-at="2021-03-10T12:46:48Z" finished-at="2021-03-10T12:46:53Z">
          <reporter-output>
          </reporter-output>
        </test-method> <!-- baseTest -->
        <test-method status="PASS" signature="recruitment()[pri:0, instance:com.HRM_Test.HRM_RecruitmentTest@96532d6]" name="recruitment" duration-ms="7553" started-at="2021-03-10T12:46:53Z" finished-at="2021-03-10T12:47:00Z">
          <reporter-output>
          </reporter-output>
        </test-method> <!-- recruitment -->
        <test-method status="PASS" signature="closeDriver()[pri:0, instance:com.HRM_Test.HRM_RecruitmentTest@96532d6]" name="closeDriver" is-config="true" duration-ms="0" started-at="2021-03-10T12:47:00Z" finished-at="2021-03-10T12:47:00Z">
          <reporter-output>
          </reporter-output>
        </test-method> <!-- closeDriver -->
      </class> <!-- com.HRM_Test.HRM_RecruitmentTest -->
    </test> <!-- Test -->
  </suite> <!-- Suite -->
</testng-results>
